2019-02-07 00:18:11.9022|INFO|Microsoft.AspNetCore.Hosting.Internal.WebHost|Request starting HTTP/1.1 GET https://localhost:5001/  
2019-02-07 00:18:12.3181|INFO|Microsoft.AspNetCore.Hosting.Internal.WebHost|Request finished in 426.1055ms 404 text/plain
2019-02-07 00:18:24.9184|INFO|Microsoft.AspNetCore.Hosting.Internal.WebHost|Request starting HTTP/1.1 GET https://localhost:5001/api/testdb  
2019-02-07 00:18:24.9742|INFO|Microsoft.AspNetCore.Mvc.Internal.ControllerActionInvoker|Route matched with {action = "Test", controller = "Dummy"}. Executing action CityInfo.API.Controllers.DummyController.Test (CityInfo.API)
2019-02-07 00:18:25.4682|INFO|Microsoft.EntityFrameworkCore.Infrastructure|Entity Framework Core 2.2.1-servicing-10028 initialized 'CityInfoContext' using provider 'Microsoft.EntityFrameworkCore.SqlServer' with options: None
2019-02-07 00:18:25.6798|INFO|Microsoft.EntityFrameworkCore.Database.Command|Executed DbCommand (8ms) [Parameters=[], CommandType='Text', CommandTimeout='30']
SELECT OBJECT_ID(N'[__EFMigrationsHistory]');
2019-02-07 00:18:25.7997|INFO|Microsoft.EntityFrameworkCore.Database.Command|Executed DbCommand (47ms) [Parameters=[], CommandType='Text', CommandTimeout='30']
CREATE TABLE [__EFMigrationsHistory] (
    [MigrationId] nvarchar(150) NOT NULL,
    [ProductVersion] nvarchar(32) NOT NULL,
    CONSTRAINT [PK___EFMigrationsHistory] PRIMARY KEY ([MigrationId])
);
2019-02-07 00:18:25.8076|INFO|Microsoft.EntityFrameworkCore.Database.Command|Executed DbCommand (3ms) [Parameters=[], CommandType='Text', CommandTimeout='30']
SELECT OBJECT_ID(N'[__EFMigrationsHistory]');
2019-02-07 00:18:25.8152|INFO|Microsoft.EntityFrameworkCore.Database.Command|Executed DbCommand (3ms) [Parameters=[], CommandType='Text', CommandTimeout='30']
SELECT [MigrationId], [ProductVersion]
FROM [__EFMigrationsHistory]
ORDER BY [MigrationId];
2019-02-07 00:18:25.8273|INFO|Microsoft.EntityFrameworkCore.Migrations|Applying migration '20190206184257_CityInfoDBInitialMigration'.
2019-02-07 00:18:25.8688|INFO|Microsoft.EntityFrameworkCore.Database.Command|Executed DbCommand (9ms) [Parameters=[], CommandType='Text', CommandTimeout='30']
CREATE TABLE [City] (
    [Id] int NOT NULL IDENTITY,
    [Name] nvarchar(50) NOT NULL,
    CONSTRAINT [PK_City] PRIMARY KEY ([Id])
);
2019-02-07 00:18:25.8840|INFO|Microsoft.EntityFrameworkCore.Database.Command|Executed DbCommand (10ms) [Parameters=[], CommandType='Text', CommandTimeout='30']
CREATE TABLE [PointOfInterest] (
    [Id] int NOT NULL IDENTITY,
    [Name] nvarchar(max) NOT NULL,
    [CityId] int NOT NULL,
    CONSTRAINT [PK_PointOfInterest] PRIMARY KEY ([Id]),
    CONSTRAINT [FK_PointOfInterest_City_CityId] FOREIGN KEY ([CityId]) REFERENCES [City] ([Id]) ON DELETE CASCADE
);
2019-02-07 00:18:25.8973|INFO|Microsoft.EntityFrameworkCore.Database.Command|Executed DbCommand (8ms) [Parameters=[], CommandType='Text', CommandTimeout='30']
CREATE INDEX [IX_PointOfInterest_CityId] ON [PointOfInterest] ([CityId]);
2019-02-07 00:18:25.9106|INFO|Microsoft.EntityFrameworkCore.Database.Command|Executed DbCommand (9ms) [Parameters=[], CommandType='Text', CommandTimeout='30']
INSERT INTO [__EFMigrationsHistory] ([MigrationId], [ProductVersion])
VALUES (N'20190206184257_CityInfoDBInitialMigration', N'2.2.1-servicing-10028');
2019-02-07 00:18:25.9312|INFO|Microsoft.AspNetCore.Mvc.Internal.ControllerActionInvoker|Executing action method CityInfo.API.Controllers.DummyController.Test (CityInfo.API) - Validation state: Valid
2019-02-07 00:18:25.9386|INFO|Microsoft.AspNetCore.Mvc.Internal.ControllerActionInvoker|Executed action method CityInfo.API.Controllers.DummyController.Test (CityInfo.API), returned result Microsoft.AspNetCore.Mvc.OkResult in 0.369ms.
2019-02-07 00:18:25.9515|INFO|Microsoft.AspNetCore.Mvc.StatusCodeResult|Executing HttpStatusCodeResult, setting HTTP status code 200
2019-02-07 00:18:25.9591|INFO|Microsoft.AspNetCore.Mvc.Internal.ControllerActionInvoker|Executed action CityInfo.API.Controllers.DummyController.Test (CityInfo.API) in 975.4467ms
2019-02-07 00:18:25.9729|INFO|Microsoft.AspNetCore.Hosting.Internal.WebHost|Request finished in 1052.4531ms 200 
2019-02-07 00:44:17.7218|INFO|Microsoft.AspNetCore.Hosting.Internal.WebHost|Request starting HTTP/1.1 GET https://localhost:5001/api/testdb  
2019-02-07 00:44:17.7406|INFO|Microsoft.AspNetCore.Mvc.Internal.ControllerActionInvoker|Route matched with {action = "Test", controller = "Dummy"}. Executing action CityInfo.API.Controllers.DummyController.Test (CityInfo.API)
2019-02-07 00:44:17.7685|INFO|Microsoft.EntityFrameworkCore.Infrastructure|Entity Framework Core 2.2.1-servicing-10028 initialized 'CityInfoContext' using provider 'Microsoft.EntityFrameworkCore.SqlServer' with options: None
2019-02-07 00:44:17.9077|INFO|Microsoft.EntityFrameworkCore.Database.Command|Executed DbCommand (2ms) [Parameters=[], CommandType='Text', CommandTimeout='30']
SELECT OBJECT_ID(N'[__EFMigrationsHistory]');
2019-02-07 00:44:17.9171|INFO|Microsoft.EntityFrameworkCore.Database.Command|Executed DbCommand (3ms) [Parameters=[], CommandType='Text', CommandTimeout='30']
SELECT OBJECT_ID(N'[__EFMigrationsHistory]');
2019-02-07 00:44:17.9263|INFO|Microsoft.EntityFrameworkCore.Database.Command|Executed DbCommand (2ms) [Parameters=[], CommandType='Text', CommandTimeout='30']
SELECT [MigrationId], [ProductVersion]
FROM [__EFMigrationsHistory]
ORDER BY [MigrationId];
2019-02-07 00:44:17.9348|INFO|Microsoft.EntityFrameworkCore.Migrations|No migrations were applied. The database is already up to date.
2019-02-07 00:44:41.2727|INFO|Microsoft.AspNetCore.Mvc.Internal.ControllerActionInvoker|Executing action method CityInfo.API.Controllers.DummyController.Test (CityInfo.API) - Validation state: Valid
2019-02-07 00:46:13.0544|INFO|Microsoft.AspNetCore.Mvc.Internal.ControllerActionInvoker|Executed action method CityInfo.API.Controllers.DummyController.Test (CityInfo.API), returned result Microsoft.AspNetCore.Mvc.OkResult in 91770.4024ms.
2019-02-07 00:46:13.0590|INFO|Microsoft.AspNetCore.Mvc.StatusCodeResult|Executing HttpStatusCodeResult, setting HTTP status code 200
2019-02-07 00:46:13.0631|INFO|Microsoft.AspNetCore.Mvc.Internal.ControllerActionInvoker|Executed action CityInfo.API.Controllers.DummyController.Test (CityInfo.API) in 115314.9358ms
2019-02-07 00:46:13.0679|INFO|Microsoft.AspNetCore.Hosting.Internal.WebHost|Request finished in 115362.4873ms 200 
2019-02-07 00:46:19.4354|INFO|Microsoft.AspNetCore.Hosting.Internal.WebHost|Request starting HTTP/1.1 GET https://localhost:5001/api/testdb  
2019-02-07 00:46:19.4410|INFO|Microsoft.AspNetCore.Mvc.Internal.ControllerActionInvoker|Route matched with {action = "Test", controller = "Dummy"}. Executing action CityInfo.API.Controllers.DummyController.Test (CityInfo.API)
2019-02-07 00:46:20.0154|INFO|Microsoft.EntityFrameworkCore.Infrastructure|Entity Framework Core 2.2.1-servicing-10028 initialized 'CityInfoContext' using provider 'Microsoft.EntityFrameworkCore.SqlServer' with options: None
2019-02-07 00:47:19.8859|INFO|Microsoft.EntityFrameworkCore.Database.Command|Executed DbCommand (5ms) [Parameters=[], CommandType='Text', CommandTimeout='30']
SELECT OBJECT_ID(N'[__EFMigrationsHistory]');
2019-02-07 00:47:19.8930|INFO|Microsoft.EntityFrameworkCore.Database.Command|Executed DbCommand (2ms) [Parameters=[], CommandType='Text', CommandTimeout='30']
SELECT OBJECT_ID(N'[__EFMigrationsHistory]');
2019-02-07 00:47:19.8996|INFO|Microsoft.EntityFrameworkCore.Database.Command|Executed DbCommand (1ms) [Parameters=[], CommandType='Text', CommandTimeout='30']
SELECT [MigrationId], [ProductVersion]
FROM [__EFMigrationsHistory]
ORDER BY [MigrationId];
2019-02-07 00:47:19.9036|INFO|Microsoft.EntityFrameworkCore.Migrations|No migrations were applied. The database is already up to date.
2019-02-07 00:47:49.7342|INFO|Microsoft.AspNetCore.Mvc.Internal.ControllerActionInvoker|Executing action method CityInfo.API.Controllers.DummyController.Test (CityInfo.API) - Validation state: Valid
2019-02-07 00:52:55.0289|INFO|Microsoft.AspNetCore.Hosting.Internal.WebHost|Request starting HTTP/1.1 GET https://localhost:5001/  
2019-02-07 00:52:55.3949|INFO|Microsoft.AspNetCore.Hosting.Internal.WebHost|Request finished in 373.8645ms 404 text/plain
2019-02-07 00:53:00.8747|INFO|Microsoft.AspNetCore.Hosting.Internal.WebHost|Request starting HTTP/1.1 GET https://localhost:5001/api/testdb  
2019-02-07 00:53:00.9280|INFO|Microsoft.AspNetCore.Mvc.Internal.ControllerActionInvoker|Route matched with {action = "Test", controller = "Dummy"}. Executing action CityInfo.API.Controllers.DummyController.Test (CityInfo.API)
2019-02-07 00:53:01.4101|INFO|Microsoft.EntityFrameworkCore.Infrastructure|Entity Framework Core 2.2.1-servicing-10028 initialized 'CityInfoContext' using provider 'Microsoft.EntityFrameworkCore.SqlServer' with options: None
2019-02-07 00:53:01.6160|INFO|Microsoft.EntityFrameworkCore.Database.Command|Executed DbCommand (7ms) [Parameters=[], CommandType='Text', CommandTimeout='30']
SELECT OBJECT_ID(N'[__EFMigrationsHistory]');
2019-02-07 00:53:01.6234|INFO|Microsoft.EntityFrameworkCore.Database.Command|Executed DbCommand (2ms) [Parameters=[], CommandType='Text', CommandTimeout='30']
SELECT OBJECT_ID(N'[__EFMigrationsHistory]');
2019-02-07 00:53:01.6416|INFO|Microsoft.EntityFrameworkCore.Database.Command|Executed DbCommand (2ms) [Parameters=[], CommandType='Text', CommandTimeout='30']
SELECT [MigrationId], [ProductVersion]
FROM [__EFMigrationsHistory]
ORDER BY [MigrationId];
2019-02-07 00:53:01.6565|INFO|Microsoft.EntityFrameworkCore.Migrations|Applying migration '20190206192135_CityInfoDBPOIAddDesc'.
2019-02-07 00:53:01.6858|INFO|Microsoft.EntityFrameworkCore.Database.Command|Executed DbCommand (10ms) [Parameters=[], CommandType='Text', CommandTimeout='30']
ALTER TABLE [PointOfInterest] ADD [Description] nvarchar(500) NULL;
2019-02-07 00:53:01.6915|INFO|Microsoft.EntityFrameworkCore.Database.Command|Executed DbCommand (2ms) [Parameters=[], CommandType='Text', CommandTimeout='30']
INSERT INTO [__EFMigrationsHistory] ([MigrationId], [ProductVersion])
VALUES (N'20190206192135_CityInfoDBPOIAddDesc', N'2.2.1-servicing-10028');
2019-02-07 00:53:01.7121|INFO|Microsoft.AspNetCore.Mvc.Internal.ControllerActionInvoker|Executing action method CityInfo.API.Controllers.DummyController.Test (CityInfo.API) - Validation state: Valid
2019-02-07 00:53:01.7202|INFO|Microsoft.AspNetCore.Mvc.Internal.ControllerActionInvoker|Executed action method CityInfo.API.Controllers.DummyController.Test (CityInfo.API), returned result Microsoft.AspNetCore.Mvc.OkResult in 0.3847ms.
2019-02-07 00:53:01.7326|INFO|Microsoft.AspNetCore.Mvc.StatusCodeResult|Executing HttpStatusCodeResult, setting HTTP status code 200
2019-02-07 00:53:01.7409|INFO|Microsoft.AspNetCore.Mvc.Internal.ControllerActionInvoker|Executed action CityInfo.API.Controllers.DummyController.Test (CityInfo.API) in 802.5497ms
2019-02-07 00:53:01.7620|INFO|Microsoft.AspNetCore.Hosting.Internal.WebHost|Request finished in 878.7667ms 200 
2019-02-07 01:16:21.4001|INFO|Microsoft.EntityFrameworkCore.Database.Command|Executed DbCommand (2ms) [Parameters=[], CommandType='Text', CommandTimeout='30']
SELECT CASE
    WHEN EXISTS (
        SELECT 1
        FROM [City] AS [c])
    THEN CAST(1 AS BIT) ELSE CAST(0 AS BIT)
END
2019-02-07 01:16:21.6683|INFO|Microsoft.EntityFrameworkCore.Database.Command|Executed DbCommand (16ms) [Parameters=[@p0='?' (Size = 50)], CommandType='Text', CommandTimeout='30']
SET NOCOUNT ON;
INSERT INTO [City] ([Name])
VALUES (@p0);
SELECT [Id]
FROM [City]
WHERE @@ROWCOUNT = 1 AND [Id] = scope_identity();
2019-02-07 01:16:21.6928|INFO|Microsoft.EntityFrameworkCore.Database.Command|Executed DbCommand (2ms) [Parameters=[@p0='?' (Size = 50)], CommandType='Text', CommandTimeout='30']
SET NOCOUNT ON;
INSERT INTO [City] ([Name])
VALUES (@p0);
SELECT [Id]
FROM [City]
WHERE @@ROWCOUNT = 1 AND [Id] = scope_identity();
2019-02-07 01:16:21.7484|INFO|Microsoft.EntityFrameworkCore.Database.Command|Executed DbCommand (45ms) [Parameters=[@p1='?' (DbType = Int32), @p2='?' (Size = 500), @p3='?' (Size = 4000), @p4='?' (DbType = Int32), @p5='?' (Size = 500), @p6='?' (Size = 4000), @p7='?' (DbType = Int32), @p8='?' (Size = 500), @p9='?' (Size = 4000), @p10='?' (DbType = Int32), @p11='?' (Size = 500), @p12='?' (Size = 4000)], CommandType='Text', CommandTimeout='30']
SET NOCOUNT ON;
DECLARE @inserted0 TABLE ([Id] int, [_Position] [int]);
MERGE [PointOfInterest] USING (
VALUES (@p1, @p2, @p3, 0),
(@p4, @p5, @p6, 1),
(@p7, @p8, @p9, 2),
(@p10, @p11, @p12, 3)) AS i ([CityId], [Description], [Name], _Position) ON 1=0
WHEN NOT MATCHED THEN
INSERT ([CityId], [Description], [Name])
VALUES (i.[CityId], i.[Description], i.[Name])
OUTPUT INSERTED.[Id], i._Position
INTO @inserted0;

SELECT [t].[Id] FROM [PointOfInterest] t
INNER JOIN @inserted0 i ON ([t].[Id] = [i].[Id])
ORDER BY [i].[_Position];
2019-02-07 01:16:23.3633|INFO|Microsoft.AspNetCore.Hosting.Internal.WebHost|Request starting HTTP/1.1 GET https://localhost:5001/  
2019-02-07 01:16:23.6158|INFO|Microsoft.AspNetCore.Hosting.Internal.WebHost|Request finished in 248.7388ms 404 text/plain
2019-02-07 01:16:29.3980|INFO|Microsoft.AspNetCore.Hosting.Internal.WebHost|Request starting HTTP/1.1 GET https://localhost:5001/api/testdb  
2019-02-07 01:16:29.4464|INFO|Microsoft.AspNetCore.Mvc.Internal.ControllerActionInvoker|Route matched with {action = "Test", controller = "Dummy"}. Executing action CityInfo.API.Controllers.DummyController.Test (CityInfo.API)
2019-02-07 01:16:29.4598|INFO|Microsoft.EntityFrameworkCore.Infrastructure|Entity Framework Core 2.2.1-servicing-10028 initialized 'CityInfoContext' using provider 'Microsoft.EntityFrameworkCore.SqlServer' with options: None
2019-02-07 01:16:29.4709|INFO|Microsoft.EntityFrameworkCore.Database.Command|Executed DbCommand (5ms) [Parameters=[], CommandType='Text', CommandTimeout='30']
SELECT OBJECT_ID(N'[__EFMigrationsHistory]');
2019-02-07 01:16:29.4776|INFO|Microsoft.EntityFrameworkCore.Database.Command|Executed DbCommand (2ms) [Parameters=[], CommandType='Text', CommandTimeout='30']
SELECT OBJECT_ID(N'[__EFMigrationsHistory]');
2019-02-07 01:16:29.4887|INFO|Microsoft.EntityFrameworkCore.Database.Command|Executed DbCommand (4ms) [Parameters=[], CommandType='Text', CommandTimeout='30']
SELECT [MigrationId], [ProductVersion]
FROM [__EFMigrationsHistory]
ORDER BY [MigrationId];
2019-02-07 01:16:29.4960|INFO|Microsoft.EntityFrameworkCore.Migrations|No migrations were applied. The database is already up to date.
2019-02-07 01:16:29.5317|INFO|Microsoft.AspNetCore.Mvc.Internal.ControllerActionInvoker|Executing action method CityInfo.API.Controllers.DummyController.Test (CityInfo.API) - Validation state: Valid
2019-02-07 01:16:29.5533|INFO|Microsoft.AspNetCore.Mvc.Internal.ControllerActionInvoker|Executed action method CityInfo.API.Controllers.DummyController.Test (CityInfo.API), returned result Microsoft.AspNetCore.Mvc.OkResult in 1.6588ms.
2019-02-07 01:16:29.5960|INFO|Microsoft.AspNetCore.Mvc.StatusCodeResult|Executing HttpStatusCodeResult, setting HTTP status code 200
2019-02-07 01:16:29.6140|INFO|Microsoft.AspNetCore.Mvc.Internal.ControllerActionInvoker|Executed action CityInfo.API.Controllers.DummyController.Test (CityInfo.API) in 154.6588ms
2019-02-07 01:16:29.6459|INFO|Microsoft.AspNetCore.Hosting.Internal.WebHost|Request finished in 233.5992ms 200 
